app/build/intermediates/manifest_merge_blame_file/debug/manifest-merger-blame-debug-report.txt
1<?xml version="1.0" encoding="utf-8"?>
2<manifest xmlns:android="http://schemas.android.com/apk/res/android"
3    package="com.hidex.app"
4    android:versionCode="1"
5    android:versionName="1.0" >
6
7    <uses-sdk
8        android:minSdkVersion="26"
9        android:targetSdkVersion="34" />
10
11    <!-- Permissions -->
12    <uses-permission android:name="android.permission.SYSTEM_ALERT_WINDOW" />
12-->src/main/AndroidManifest.xml:6:5-78
12-->src/main/AndroidManifest.xml:6:22-75
13    <uses-permission android:name="android.permission.QUERY_ALL_PACKAGES" />
13-->src/main/AndroidManifest.xml:7:5-8:53
13-->src/main/AndroidManifest.xml:7:22-74
14    <uses-permission android:name="android.permission.PACKAGE_USAGE_STATS" />
14-->src/main/AndroidManifest.xml:9:5-10:47
14-->src/main/AndroidManifest.xml:9:22-75
15    <uses-permission android:name="android.permission.USE_BIOMETRIC" />
15-->src/main/AndroidManifest.xml:11:5-72
15-->src/main/AndroidManifest.xml:11:22-69
16    <uses-permission android:name="android.permission.USE_FINGERPRINT" />
16-->src/main/AndroidManifest.xml:12:5-74
16-->src/main/AndroidManifest.xml:12:22-71
17
18    <queries>
18-->src/main/AndroidManifest.xml:14:5-18:15
19        <intent>
19-->src/main/AndroidManifest.xml:15:9-17:18
20            <action android:name="android.intent.action.MAIN" />
20-->src/main/AndroidManifest.xml:16:13-65
20-->src/main/AndroidManifest.xml:16:21-62
21        </intent>
22    </queries>
23
24    <permission
24-->[androidx.core:core:1.13.0] AndroidManifest.xml:22:5-24:47
25        android:name="com.hidex.app.DYNAMIC_RECEIVER_NOT_EXPORTED_PERMISSION"
25-->[androidx.core:core:1.13.0] AndroidManifest.xml:23:9-81
26        android:protectionLevel="signature" />
26-->[androidx.core:core:1.13.0] AndroidManifest.xml:24:9-44
27
28    <uses-permission android:name="com.hidex.app.DYNAMIC_RECEIVER_NOT_EXPORTED_PERMISSION" />
28-->[androidx.core:core:1.13.0] AndroidManifest.xml:26:5-97
28-->[androidx.core:core:1.13.0] AndroidManifest.xml:26:22-94
29
30    <application
30-->src/main/AndroidManifest.xml:20:5-67:19
31        android:name="com.hidex.app.HideXApplication"
31-->src/main/AndroidManifest.xml:21:9-41
32        android:allowBackup="true"
32-->src/main/AndroidManifest.xml:22:9-35
33        android:appComponentFactory="androidx.core.app.CoreComponentFactory"
33-->[androidx.core:core:1.13.0] AndroidManifest.xml:28:18-86
34        android:dataExtractionRules="@xml/data_extraction_rules"
34-->src/main/AndroidManifest.xml:23:9-65
35        android:debuggable="true"
36        android:extractNativeLibs="false"
37        android:fullBackupContent="@xml/backup_rules"
37-->src/main/AndroidManifest.xml:24:9-54
38        android:icon="@mipmap/ic_launcher"
38-->src/main/AndroidManifest.xml:25:9-43
39        android:label="@string/app_name"
39-->src/main/AndroidManifest.xml:26:9-41
40        android:roundIcon="@mipmap/ic_launcher_round"
40-->src/main/AndroidManifest.xml:27:9-54
41        android:supportsRtl="true"
41-->src/main/AndroidManifest.xml:28:9-35
42        android:testOnly="true"
43        android:theme="@style/Theme.HideX" >
43-->src/main/AndroidManifest.xml:29:9-43
44
45        <!-- Main Activity -->
46        <activity
46-->src/main/AndroidManifest.xml:33:9-42:20
47            android:name="com.hidex.app.MainActivity"
47-->src/main/AndroidManifest.xml:34:13-41
48            android:exported="true"
48-->src/main/AndroidManifest.xml:35:13-36
49            android:label="@string/app_name"
49-->src/main/AndroidManifest.xml:36:13-45
50            android:theme="@style/Theme.HideX" >
50-->src/main/AndroidManifest.xml:37:13-47
51            <intent-filter>
51-->src/main/AndroidManifest.xml:38:13-41:29
52                <action android:name="android.intent.action.MAIN" />
52-->src/main/AndroidManifest.xml:16:13-65
52-->src/main/AndroidManifest.xml:16:21-62
53
54                <category android:name="android.intent.category.LAUNCHER" />
54-->src/main/AndroidManifest.xml:40:17-77
54-->src/main/AndroidManifest.xml:40:27-74
55            </intent-filter>
56        </activity>
57
58        <!-- Password Overlay Activity -->
59        <activity
59-->src/main/AndroidManifest.xml:45:9-51:56
60            android:name="com.hidex.app.ui.screens.PasswordOverlayActivity"
60-->src/main/AndroidManifest.xml:46:13-63
61            android:excludeFromRecents="true"
61-->src/main/AndroidManifest.xml:47:13-46
62            android:exported="false"
62-->src/main/AndroidManifest.xml:48:13-37
63            android:launchMode="singleTask"
63-->src/main/AndroidManifest.xml:49:13-44
64            android:taskAffinity=""
64-->src/main/AndroidManifest.xml:50:13-36
65            android:theme="@style/Theme.Transparent" />
65-->src/main/AndroidManifest.xml:51:13-53
66
67        <!-- App Protection Accessibility Service -->
68        <service
68-->src/main/AndroidManifest.xml:54:9-65:19
69            android:name="com.hidex.app.service.AppProtectionAccessibilityService"
69-->src/main/AndroidManifest.xml:55:13-70
70            android:exported="true"
70-->src/main/AndroidManifest.xml:56:13-36
71            android:label="@string/accessibility_service_label"
71-->src/main/AndroidManifest.xml:57:13-64
72            android:permission="android.permission.BIND_ACCESSIBILITY_SERVICE" >
72-->src/main/AndroidManifest.xml:58:13-79
73            <intent-filter>
73-->src/main/AndroidManifest.xml:59:13-61:29
74                <action android:name="android.accessibilityservice.AccessibilityService" />
74-->src/main/AndroidManifest.xml:60:17-92
74-->src/main/AndroidManifest.xml:60:25-89
75            </intent-filter>
76
77            <meta-data
77-->src/main/AndroidManifest.xml:62:13-64:72
78                android:name="android.accessibilityservice"
78-->src/main/AndroidManifest.xml:63:17-60
79                android:resource="@xml/accessibility_service_config" />
79-->src/main/AndroidManifest.xml:64:17-69
80        </service>
81
82        <activity
82-->[androidx.compose.ui:ui-tooling-android:1.5.4] AndroidManifest.xml:23:9-25:39
83            android:name="androidx.compose.ui.tooling.PreviewActivity"
83-->[androidx.compose.ui:ui-tooling-android:1.5.4] AndroidManifest.xml:24:13-71
84            android:exported="true" />
84-->[androidx.compose.ui:ui-tooling-android:1.5.4] AndroidManifest.xml:25:13-36
85        <activity
85-->[androidx.compose.ui:ui-test-manifest:1.5.4] AndroidManifest.xml:23:9-25:39
86            android:name="androidx.activity.ComponentActivity"
86-->[androidx.compose.ui:ui-test-manifest:1.5.4] AndroidManifest.xml:24:13-63
87            android:exported="true" />
87-->[androidx.compose.ui:ui-test-manifest:1.5.4] AndroidManifest.xml:25:13-36
88
89        <provider
89-->[androidx.emoji2:emoji2:1.4.0] AndroidManifest.xml:24:9-32:20
90            android:name="androidx.startup.InitializationProvider"
90-->[androidx.emoji2:emoji2:1.4.0] AndroidManifest.xml:25:13-67
91            android:authorities="com.hidex.app.androidx-startup"
91-->[androidx.emoji2:emoji2:1.4.0] AndroidManifest.xml:26:13-68
92            android:exported="false" >
92-->[androidx.emoji2:emoji2:1.4.0] AndroidManifest.xml:27:13-37
93            <meta-data
93-->[androidx.emoji2:emoji2:1.4.0] AndroidManifest.xml:29:13-31:52
94                android:name="androidx.emoji2.text.EmojiCompatInitializer"
94-->[androidx.emoji2:emoji2:1.4.0] AndroidManifest.xml:30:17-75
95                android:value="androidx.startup" />
95-->[androidx.emoji2:emoji2:1.4.0] AndroidManifest.xml:31:17-49
96            <meta-data
96-->[androidx.lifecycle:lifecycle-process:2.7.0] AndroidManifest.xml:29:13-31:52
97                android:name="androidx.lifecycle.ProcessLifecycleInitializer"
97-->[androidx.lifecycle:lifecycle-process:2.7.0] AndroidManifest.xml:30:17-78
98                android:value="androidx.startup" />
98-->[androidx.lifecycle:lifecycle-process:2.7.0] AndroidManifest.xml:31:17-49
99            <meta-data
99-->[androidx.profileinstaller:profileinstaller:1.3.1] AndroidManifest.xml:29:13-31:52
100                android:name="androidx.profileinstaller.ProfileInstallerInitializer"
100-->[androidx.profileinstaller:profileinstaller:1.3.1] AndroidManifest.xml:30:17-85
101                android:value="androidx.startup" />
101-->[androidx.profileinstaller:profileinstaller:1.3.1] AndroidManifest.xml:31:17-49
102        </provider>
103
104        <service
104-->[androidx.room:room-runtime:2.6.1] AndroidManifest.xml:24:9-28:63
105            android:name="androidx.room.MultiInstanceInvalidationService"
105-->[androidx.room:room-runtime:2.6.1] AndroidManifest.xml:25:13-74
106            android:directBootAware="true"
106-->[androidx.room:room-runtime:2.6.1] AndroidManifest.xml:26:13-43
107            android:exported="false" />
107-->[androidx.room:room-runtime:2.6.1] AndroidManifest.xml:27:13-37
108
109        <receiver
109-->[androidx.profileinstaller:profileinstaller:1.3.1] AndroidManifest.xml:34:9-52:20
110            android:name="androidx.profileinstaller.ProfileInstallReceiver"
110-->[androidx.profileinstaller:profileinstaller:1.3.1] AndroidManifest.xml:35:13-76
111            android:directBootAware="false"
111-->[androidx.profileinstaller:profileinstaller:1.3.1] AndroidManifest.xml:36:13-44
112            android:enabled="true"
112-->[androidx.profileinstaller:profileinstaller:1.3.1] AndroidManifest.xml:37:13-35
113            android:exported="true"
113-->[androidx.profileinstaller:profileinstaller:1.3.1] AndroidManifest.xml:38:13-36
114            android:permission="android.permission.DUMP" >
114-->[androidx.profileinstaller:profileinstaller:1.3.1] AndroidManifest.xml:39:13-57
115            <intent-filter>
115-->[androidx.profileinstaller:profileinstaller:1.3.1] AndroidManifest.xml:40:13-42:29
116                <action android:name="androidx.profileinstaller.action.INSTALL_PROFILE" />
116-->[androidx.profileinstaller:profileinstaller:1.3.1] AndroidManifest.xml:41:17-91
116-->[androidx.profileinstaller:profileinstaller:1.3.1] AndroidManifest.xml:41:25-88
117            </intent-filter>
118            <intent-filter>
118-->[androidx.profileinstaller:profileinstaller:1.3.1] AndroidManifest.xml:43:13-45:29
119                <action android:name="androidx.profileinstaller.action.SKIP_FILE" />
119-->[androidx.profileinstaller:profileinstaller:1.3.1] AndroidManifest.xml:44:17-85
119-->[androidx.profileinstaller:profileinstaller:1.3.1] AndroidManifest.xml:44:25-82
120            </intent-filter>
121            <intent-filter>
121-->[androidx.profileinstaller:profileinstaller:1.3.1] AndroidManifest.xml:46:13-48:29
122                <action android:name="androidx.profileinstaller.action.SAVE_PROFILE" />
122-->[androidx.profileinstaller:profileinstaller:1.3.1] AndroidManifest.xml:47:17-88
122-->[androidx.profileinstaller:profileinstaller:1.3.1] AndroidManifest.xml:47:25-85
123            </intent-filter>
124            <intent-filter>
124-->[androidx.profileinstaller:profileinstaller:1.3.1] AndroidManifest.xml:49:13-51:29
125                <action android:name="androidx.profileinstaller.action.BENCHMARK_OPERATION" />
125-->[androidx.profileinstaller:profileinstaller:1.3.1] AndroidManifest.xml:50:17-95
125-->[androidx.profileinstaller:profileinstaller:1.3.1] AndroidManifest.xml:50:25-92
126            </intent-filter>
127        </receiver>
128    </application>
129
130</manifest>